#
# There is insufficient memory for the Java Runtime Environment to continue.
# Native memory allocation (mmap) failed to map 536870912 bytes for G1 virtual space
# Possible reasons:
#   The system is out of physical RAM or swap space
#   The process is running with CompressedOops enabled, and the Java Heap may be blocking the growth of the native heap
# Possible solutions:
#   Reduce memory load on the system
#   Increase physical memory or swap space
#   Check if swap backing store is full
#   Decrease Java heap size (-Xmx/-Xms)
#   Decrease number of Java threads
#   Decrease Java thread stack sizes (-Xss)
#   Set larger code cache with -XX:ReservedCodeCacheSize=
#   JVM is running with Zero Based Compressed Oops mode in which the Java heap is
#     placed in the first 32GB address space. The Java Heap base address is the
#     maximum limit for the native heap growth. Please use -XX:HeapBaseMinAddress
#     to set the Java Heap base and to place the Java Heap above 32GB virtual address.
# This output file may be truncated or incomplete.
#
#  Out of Memory Error (os_windows.cpp:3769), pid=21080, tid=8088
#
# JRE version:  (17.0.6+10) (build )
# Java VM: OpenJDK 64-Bit Server VM (17.0.6+10-b829.5, mixed mode, sharing, tiered, compressed oops, compressed class ptrs, g1 gc, windows-amd64)
# No core dump will be written. Minidumps are not enabled by default on client versions of Windows
#

---------------  S U M M A R Y ------------

Command Line: git4idea.http.GitAskPassApp Username for 'https://github.com': 

Host: Intel(R) Xeon(R) CPU E5-2696 v3 @ 2.30GHz, 36 cores, 31G,  Windows 10 , 64 bit Build 19041 (10.0.19041.2913)
Time: Sat May 20 21:55:18 2023  Windows 10 , 64 bit Build 19041 (10.0.19041.2913) elapsed time: 0.012718 seconds (0d 0h 0m 0s)

---------------  T H R E A D  ---------------

Current thread (0x000002d5e5a59820):  JavaThread "Unknown thread" [_thread_in_vm, id=8088, stack(0x000000feda100000,0x000000feda200000)]

Stack: [0x000000feda100000,0x000000feda200000]
Native frames: (J=compiled Java code, j=interpreted, Vv=VM code, C=native code)
V  [jvm.dll+0x683b4a]
V  [jvm.dll+0x842654]
V  [jvm.dll+0x843dfe]
V  [jvm.dll+0x844463]
V  [jvm.dll+0x249b75]
V  [jvm.dll+0x680a19]
V  [jvm.dll+0x674f0a]
V  [jvm.dll+0x309acb]
V  [jvm.dll+0x310f86]
V  [jvm.dll+0x3608ee]
V  [jvm.dll+0x360b1f]
V  [jvm.dll+0x2dfbf8]
V  [jvm.dll+0x2e0b64]
V  [jvm.dll+0x813f41]
V  [jvm.dll+0x36e6a1]
V  [jvm.dll+0x7f347c]
V  [jvm.dll+0x3f0e8f]
V  [jvm.dll+0x3f29d1]
C  [jli.dll+0x526b]
C  [ucrtbase.dll+0x21bb2]
C  [KERNEL32.DLL+0x17614]
C  [ntdll.dll+0x526a1]


---------------  P R O C E S S  ---------------

Threads class SMR info:
_java_thread_list=0x00007ffede5ec058, length=0, elements={
}

Java Threads: ( => current thread )

Other Threads:
  0x000002d5e5b0dd90 GCTaskThread "GC Thread#0" [stack: 0x000000feda200000,0x000000feda300000] [id=16232]
  0x000002d5e5a799e0 ConcurrentGCThread "G1 Main Marker" [stack: 0x000000feda300000,0x000000feda400000] [id=15452]
  0x000002d5e5b1f350 ConcurrentGCThread "G1 Conc#0" [stack: 0x000000feda400000,0x000000feda500000] [id=21948]

[error occurred during error reporting (printing all threads), id 0xc0000005, EXCEPTION_ACCESS_VIOLATION (0xc0000005) at pc=0x00007ffeddda0797]

VM state: not at safepoint (not fully initialized)

VM Mutex/Monitor currently owned by a thread:  ([mutex/lock_event])
[0x000002d5e5a54e80] Heap_lock - owner thread: 0x000002d5e5a59820

Heap address: 0x0000000601800000, size: 8168 MB, Compressed Oops mode: Zero based, Oop shift amount: 3

CDS archive(s) mapped at: [0x0000000000000000-0x0000000000000000-0x0000000000000000), size 0, SharedBaseAddress: 0x0000000800000000, ArchiveRelocationMode: 0.
Narrow klass base: 0x0000000000000000, Narrow klass shift: 0, Narrow klass range: 0x0

GC Precious Log:
<Empty>

Heap:
 garbage-first heap   total 0K, used 0K [0x0000000601800000, 0x0000000800000000)
  region size 4096K, 0 young (0K), 0 survivors (0K)

[error occurred during error reporting (printing heap information), id 0xc0000005, EXCEPTION_ACCESS_VIOLATION (0xc0000005) at pc=0x00007ffede18d939]

GC Heap History (0 events):
No events

Dll operation events (1 events):
Event: 0.005 Loaded shared library C:\Users\sonni\AppData\Local\JetBrains\Toolbox\apps\IDEA-U\ch-0\231.8109.175\jbr\bin\java.dll

Deoptimization events (0 events):
No events

Classes unloaded (0 events):
No events

Classes redefined (0 events):
No events

Internal exceptions (0 events):
No events

VM Operations (0 events):
No events

Events (0 events):
No events


Dynamic libraries:
0x00007ff67d180000 - 0x00007ff67d18a000 	C:\Users\sonni\AppData\Local\JetBrains\Toolbox\apps\IDEA-U\ch-0\231.8109.175\jbr\bin\java.exe
0x00007fff2c230000 - 0x00007fff2c428000 	C:\Windows\SYSTEM32\ntdll.dll
0x00007fff2ad00000 - 0x00007fff2adbf000 	C:\Windows\System32\KERNEL32.DLL
0x00007fff29a80000 - 0x00007fff29d76000 	C:\Windows\System32\KERNELBASE.dll
0x00007fff29980000 - 0x00007fff29a80000 	C:\Windows\System32\ucrtbase.dll
0x00007fff11020000 - 0x00007fff11037000 	C:\Users\sonni\AppData\Local\JetBrains\Toolbox\apps\IDEA-U\ch-0\231.8109.175\jbr\bin\jli.dll
0x00007fff11580000 - 0x00007fff1159b000 	C:\Users\sonni\AppData\Local\JetBrains\Toolbox\apps\IDEA-U\ch-0\231.8109.175\jbr\bin\VCRUNTIME140.dll
0x00007fff2b000000 - 0x00007fff2b19d000 	C:\Windows\System32\USER32.dll
0x00007fff29d80000 - 0x00007fff29da2000 	C:\Windows\System32\win32u.dll
0x00007fff2aa60000 - 0x00007fff2aa8c000 	C:\Windows\System32\GDI32.dll
0x00007fff29db0000 - 0x00007fff29ec5000 	C:\Windows\System32\gdi32full.dll
0x00007fff22700000 - 0x00007fff2299a000 	C:\Windows\WinSxS\amd64_microsoft.windows.common-controls_6595b64144ccf1df_6.0.19041.1110_none_60b5254171f9507e\COMCTL32.dll
0x00007fff2a0f0000 - 0x00007fff2a18d000 	C:\Windows\System32\msvcp_win.dll
0x00007fff2c150000 - 0x00007fff2c1ee000 	C:\Windows\System32\msvcrt.dll
0x00007fff2aee0000 - 0x00007fff2af10000 	C:\Windows\System32\IMM32.DLL
0x00007fff159e0000 - 0x00007fff159ec000 	C:\Users\sonni\AppData\Local\JetBrains\Toolbox\apps\IDEA-U\ch-0\231.8109.175\jbr\bin\vcruntime140_1.dll
0x00007fff0e7c0000 - 0x00007fff0e84d000 	C:\Users\sonni\AppData\Local\JetBrains\Toolbox\apps\IDEA-U\ch-0\231.8109.175\jbr\bin\msvcp140.dll
0x00007ffeddab0000 - 0x00007ffede71d000 	C:\Users\sonni\AppData\Local\JetBrains\Toolbox\apps\IDEA-U\ch-0\231.8109.175\jbr\bin\server\jvm.dll
0x00007fff2c0a0000 - 0x00007fff2c14f000 	C:\Windows\System32\ADVAPI32.dll
0x00007fff2ae30000 - 0x00007fff2aecc000 	C:\Windows\System32\sechost.dll
0x00007fff2abd0000 - 0x00007fff2acf6000 	C:\Windows\System32\RPCRT4.dll
0x00007fff24300000 - 0x00007fff24309000 	C:\Windows\SYSTEM32\WSOCK32.dll
0x00007fff1f010000 - 0x00007fff1f037000 	C:\Windows\SYSTEM32\WINMM.dll
0x00007fff27890000 - 0x00007fff2789a000 	C:\Windows\SYSTEM32\VERSION.dll
0x00007fff2af90000 - 0x00007fff2affb000 	C:\Windows\System32\WS2_32.dll
0x00007fff28140000 - 0x00007fff28152000 	C:\Windows\SYSTEM32\kernel.appcore.dll
0x00007fff22280000 - 0x00007fff2228a000 	C:\Users\sonni\AppData\Local\JetBrains\Toolbox\apps\IDEA-U\ch-0\231.8109.175\jbr\bin\jimage.dll
0x00007fff17b20000 - 0x00007fff17d04000 	C:\Windows\SYSTEM32\DBGHELP.DLL
0x00007fff0a830000 - 0x00007fff0a864000 	C:\Windows\SYSTEM32\dbgcore.DLL
0x00007fff29ed0000 - 0x00007fff29f52000 	C:\Windows\System32\bcryptPrimitives.dll
0x00007fff11530000 - 0x00007fff11555000 	C:\Users\sonni\AppData\Local\JetBrains\Toolbox\apps\IDEA-U\ch-0\231.8109.175\jbr\bin\java.dll

dbghelp: loaded successfully - version: 4.0.5 - missing functions: none
symbol engine: initialized successfully - sym options: 0x614 - pdb path: .;C:\Users\sonni\AppData\Local\JetBrains\Toolbox\apps\IDEA-U\ch-0\231.8109.175\jbr\bin;C:\Windows\SYSTEM32;C:\Windows\WinSxS\amd64_microsoft.windows.common-controls_6595b64144ccf1df_6.0.19041.1110_none_60b5254171f9507e;C:\Users\sonni\AppData\Local\JetBrains\Toolbox\apps\IDEA-U\ch-0\231.8109.175\jbr\bin\server

VM Arguments:
java_command: git4idea.http.GitAskPassApp Username for 'https://github.com': 
java_class_path (initial): C:/Users/sonni/AppData/Local/JetBrains/Toolbox/apps/IDEA-U/ch-0/231.8109.175/plugins/vcs-git/lib/git4idea-rt.jar;C:/Users/sonni/AppData/Local/JetBrains/Toolbox/apps/IDEA-U/ch-0/231.8109.175/lib/externalProcess-rt.jar
Launcher Type: SUN_STANDARD

[Global flags]
     intx CICompilerCount                          = 15                                        {product} {ergonomic}
     uint ConcGCThreads                            = 6                                         {product} {ergonomic}
     uint G1ConcRefinementThreads                  = 25                                        {product} {ergonomic}
   size_t G1HeapRegionSize                         = 4194304                                   {product} {ergonomic}
    uintx GCDrainStackTargetSize                   = 64                                        {product} {ergonomic}
   size_t InitialHeapSize                          = 536870912                                 {product} {ergonomic}
   size_t MarkStackSize                            = 4194304                                   {product} {ergonomic}
   size_t MaxHeapSize                              = 8564768768                                {product} {ergonomic}
   size_t MinHeapDeltaBytes                        = 4194304                                   {product} {ergonomic}
   size_t MinHeapSize                              = 8388608                                   {product} {ergonomic}
    uintx NonNMethodCodeHeapSize                   = 8192380                                {pd product} {ergonomic}
    uintx NonProfiledCodeHeapSize                  = 121732930                              {pd product} {ergonomic}
    uintx ProfiledCodeHeapSize                     = 121732930                              {pd product} {ergonomic}
    uintx ReservedCodeCacheSize                    = 251658240                              {pd product} {ergonomic}
     bool SegmentedCodeCache                       = true                                      {product} {ergonomic}
   size_t SoftMaxHeapSize                          = 8564768768                             {manageable} {ergonomic}
     bool UseCompressedClassPointers               = true                           {product lp64_product} {ergonomic}
     bool UseCompressedOops                        = true                           {product lp64_product} {ergonomic}
     bool UseG1GC                                  = true                                      {product} {ergonomic}
     bool UseLargePagesIndividualAllocation        = false                                  {pd product} {ergonomic}

Logging:
Log output configuration:
 #0: stdout all=warning uptime,level,tags
 #1: stderr all=off uptime,level,tags

Environment Variables:
PATH=C:\Program Files\Git\mingw64\libexec\git-core;C:\Program Files\Git\mingw64\libexec\git-core;C:\Program Files\Git\mingw64\bin;C:\Program Files\Git\usr\bin;C:\Users\sonni\bin;C:\Program Files\Common Files\Oracle\Java\javapath;C:\Windows\system32;C:\Windows;C:\Windows\System32\Wbem;C:\Windows\System32\WindowsPowerShell\v1.0;C:\Windows\System32\OpenSSH;C:\Program Files (x86)\NVIDIA Corporation\PhysX\Common;C:\Program Files\WindowsPowerShell\Scripts;C:\Program Files\dotnet;C:\Program Files\Git\cmd;C:\Program Files\Java\openjdk-20\bin;C:\Program Files\Docker\Docker\resources\bin;C:\Users\sonni\AppData\Local\Microsoft\WindowsApps;C:\Program Files\JetBrains\IntelliJ IDEA 2022.3.1\bin;C:\Users\sonni\AppData\Local\JetBrains\Toolbox\scripts
USERNAME=sonni
DISPLAY=:0.0
LC_ALL=en_US.UTF-8
TERM=xterm-256color
TMPDIR=C:\Users\sonni\AppData\Local\Temp
OS=Windows_NT
PROCESSOR_IDENTIFIER=Intel64 Family 6 Model 63 Stepping 2, GenuineIntel
TMP=C:\Users\sonni\AppData\Local\Temp
TEMP=C:\Users\sonni\AppData\Local\Temp



---------------  S Y S T E M  ---------------

OS:
 Windows 10 , 64 bit Build 19041 (10.0.19041.2913)
OS uptime: 0 days 2:33 hours
Hyper-V role detected

CPU: total 36 (initial active 36) (18 cores per cpu, 2 threads per core) family 6 model 63 stepping 2 microcode 0x43, cx8, cmov, fxsr, ht, mmx, sse, sse2, sse3, ssse3, sse4.1, sse4.2, popcnt, lzcnt, tsc, tscinvbit, avx, avx2, aes, erms, clmul, bmi1, bmi2, fma, vzeroupper, clflush, hv

Memory: 4k page, system-wide physical 32670M (9352M free)
TotalPageFile size 34718M (AvailPageFile size 26M)
current process WorkingSet (physical memory assigned to process): 10M, peak: 10M
current process commit charge ("private bytes"): 96M, peak: 608M

vm_info: OpenJDK 64-Bit Server VM (17.0.6+10-b829.5) for windows-amd64 JRE (17.0.6+10-b829.5), built on 2023-02-24 by "builduser" with MS VC++ 16.10 / 16.11 (VS2019)

END.
